<?xml version="1.0" encoding="UTF-8"?>
<!-- Generated by org.testng.reporters.JUnitReportReporter -->
<testsuite skipped="0" hostname="DESKTOP-LSKACAV" name="login.com.herokuapp.testsuite.LoginPageTest" tests="3" failures="0" timestamp="2022-12-13T20:37:35 GMT" time="20.937" errors="0">
  <testcase name="verifyThePasswordErrorMessage" time="6.392" classname="login.com.herokuapp.testsuite.LoginPageTest"/>
  <system-out>
    <![CDATA[enterUsername2[[ChromeDriver: chrome on WINDOWS (ea6d3134fbf55e0b99078f545b67b253)] -> id: username]
enterPassword2[[ChromeDriver: chrome on WINDOWS (ea6d3134fbf55e0b99078f545b67b253)] -> id: password]
clickOnCurrencyLink[[ChromeDriver: chrome on WINDOWS (ea6d3134fbf55e0b99078f545b67b253)] -> xpath: //*[@id="login"]/button/i]
getVerifyText2[[ChromeDriver: chrome on WINDOWS (ea6d3134fbf55e0b99078f545b67b253)] -> xpath: //div[@id='flash-messages']//div[1]]
Click to see screenshot
<a target = "_blank" href=C:\Users\USER\IdeaProjects\testng-week15-herokuapp-naresh/test-output/html/verifyThePasswordErrorMessageTue_Dec_13_20_37_24_GMT_2022.jpg>Screenshot</a>
<br>
<br>
<a target = "_blank" href=C:\Users\USER\IdeaProjects\testng-week15-herokuapp-naresh/test-output/html/verifyThePasswordErrorMessageTue_Dec_13_20_37_24_GMT_2022.jpg><img src=C:\Users\USER\IdeaProjects\testng-week15-herokuapp-naresh/test-output/html/verifyThePasswordErrorMessageTue_Dec_13_20_37_24_GMT_2022.jpg height=200 width=200></img></a>]]>
  </system-out>
  <testcase name="UserShouldLoginSuccessfullyWithValidCredentials" time="8.249" classname="login.com.herokuapp.testsuite.LoginPageTest"/>
  <system-out>
    <![CDATA[enterUsername[[ChromeDriver: chrome on WINDOWS (c935564fff6567583e3a29b8d7961066)] -> id: username]
enterPassword[[ChromeDriver: chrome on WINDOWS (c935564fff6567583e3a29b8d7961066)] -> name: password]
clickOnLoginButton[[ChromeDriver: chrome on WINDOWS (c935564fff6567583e3a29b8d7961066)] -> xpath: //*[@id="login"]/button/i]
getVerifyText[[ChromeDriver: chrome on WINDOWS (c935564fff6567583e3a29b8d7961066)] -> xpath: //*[@id="content"]/div/h4]
Click to see screenshot
<a target = "_blank" href=C:\Users\USER\IdeaProjects\testng-week15-herokuapp-naresh/test-output/html/UserShouldLoginSuccessfullyWithValidCredentialsTue_Dec_13_20_37_18_GMT_2022.jpg>Screenshot</a>
<br>
<br>
<a target = "_blank" href=C:\Users\USER\IdeaProjects\testng-week15-herokuapp-naresh/test-output/html/UserShouldLoginSuccessfullyWithValidCredentialsTue_Dec_13_20_37_18_GMT_2022.jpg><img src=C:\Users\USER\IdeaProjects\testng-week15-herokuapp-naresh/test-output/html/UserShouldLoginSuccessfullyWithValidCredentialsTue_Dec_13_20_37_18_GMT_2022.jpg height=200 width=200></img></a>]]>
  </system-out>
  <testcase name="verifyTheUsernameErrorMessage" time="6.296" classname="login.com.herokuapp.testsuite.LoginPageTest"/>
  <system-out>
    <![CDATA[Click to see screenshot
<a target = "_blank" href=C:\Users\USER\IdeaProjects\testng-week15-herokuapp-naresh/test-output/html/verifyTheUsernameErrorMessageTue_Dec_13_20_37_31_GMT_2022.jpg>Screenshot</a>
<br>
<br>
<a target = "_blank" href=C:\Users\USER\IdeaProjects\testng-week15-herokuapp-naresh/test-output/html/verifyTheUsernameErrorMessageTue_Dec_13_20_37_31_GMT_2022.jpg><img src=C:\Users\USER\IdeaProjects\testng-week15-herokuapp-naresh/test-output/html/verifyTheUsernameErrorMessageTue_Dec_13_20_37_31_GMT_2022.jpg height=200 width=200></img></a>]]>
  </system-out>
</testsuite> <!-- login.com.herokuapp.testsuite.LoginPageTest -->
