<?xml version="1.0" encoding="UTF-8"?>
<!-- Generated by org.testng.reporters.JUnitReportReporter -->
<testsuite skipped="0" hostname="DESKTOP-LSKACAV" name="login.com.herokuapp.testsuite.LoginPageTestGrouping" tests="1" failures="0" timestamp="2022-12-11T15:13:24 GMT" time="6.067" errors="0">
  <testcase name="UserShouldLoginSuccessfullyWithValidCredentials" time="6.067" classname="login.com.herokuapp.testsuite.LoginPageTestGrouping"/>
  <system-out/>
</testsuite> <!-- login.com.herokuapp.testsuite.LoginPageTestGrouping -->
